/.htm                 (Status: 403) [Size: 206]
/.htm.php             (Status: 403) [Size: 210]
/lib.php              (Status: 200) [Size: 0]
/uploads              (Status: 301) [Size: 236] [--> http://10.10.10.146/uploads/]
/backup               (Status: 301) [Size: 235] [--> http://10.10.10.146/backup/]
/upload.php           (Status: 200) [Size: 169]
/photos.php           (Status: 200) [Size: 1302]
/.html                (Status: 403) [Size: 207]
/.html.php            (Status: 403) [Size: 211]
/.                    (Status: 200) [Size: 229]
/index.php            (Status: 200) [Size: 229]
/.htaccess            (Status: 403) [Size: 211]
/.htaccess.php        (Status: 403) [Size: 215]
/.htc.php             (Status: 403) [Size: 210]
/.htc                 (Status: 403) [Size: 206]
/.html_var_DE         (Status: 403) [Size: 214]
/.html_var_DE.php     (Status: 403) [Size: 218]
/.htpasswd            (Status: 403) [Size: 211]
/.htpasswd.php        (Status: 403) [Size: 215]
/.html..php           (Status: 403) [Size: 212]
/.html.               (Status: 403) [Size: 208]
/.html.html           (Status: 403) [Size: 212]
/.html.html.php       (Status: 403) [Size: 216]
/.htpasswds           (Status: 403) [Size: 212]
/.htpasswds.php       (Status: 403) [Size: 216]
/.htm.                (Status: 403) [Size: 207]
/.htm..php            (Status: 403) [Size: 211]
/.htmll               (Status: 403) [Size: 208]
/.htmll.php           (Status: 403) [Size: 212]
/.html.old            (Status: 403) [Size: 211]
/.html.old.php        (Status: 403) [Size: 215]
/.ht                  (Status: 403) [Size: 205]
/.html.bak            (Status: 403) [Size: 211]
/.ht.php              (Status: 403) [Size: 209]
/.html.bak.php        (Status: 403) [Size: 215]
/.htm.htm.php         (Status: 403) [Size: 214]
/.htm.htm             (Status: 403) [Size: 210]
/.htgroup             (Status: 403) [Size: 210]
/.hta                 (Status: 403) [Size: 206]
/.html1               (Status: 403) [Size: 208]
/.htgroup.php         (Status: 403) [Size: 214]
/.hta.php             (Status: 403) [Size: 210]
/.html1.php           (Status: 403) [Size: 212]
/.html.LCK            (Status: 403) [Size: 211]
/.html.printable.php  (Status: 403) [Size: 221]
/.html.LCK.php        (Status: 403) [Size: 215]
/.html.printable      (Status: 403) [Size: 217]
/.htm.LCK             (Status: 403) [Size: 210]
/.htm.LCK.php         (Status: 403) [Size: 214]
/.htaccess.bak.php    (Status: 403) [Size: 219]
/.html.php            (Status: 403) [Size: 211]
/.htmls               (Status: 403) [Size: 208]
/.htx.php             (Status: 403) [Size: 210]
/.htaccess.bak        (Status: 403) [Size: 215]
/.htmls.php           (Status: 403) [Size: 212]
/.html.php.php        (Status: 403) [Size: 215]
/.htx                 (Status: 403) [Size: 206]
/.htlm                (Status: 403) [Size: 207]
/.htm2                (Status: 403) [Size: 207]
/.html-               (Status: 403) [Size: 208]
/.htuser              (Status: 403) [Size: 209]
/.htlm.php            (Status: 403) [Size: 211]
/.htm2.php            (Status: 403) [Size: 211]
/.html-.php           (Status: 403) [Size: 212]
/.htuser.php          (Status: 403) [Size: 213]
/.htacess             (Status: 403) [Size: 210]
/.htm.old             (Status: 403) [Size: 210]
/.htm.d               (Status: 403) [Size: 208]
/.htm.html            (Status: 403) [Size: 211]
/.html-1              (Status: 403) [Size: 209]
/.htacess.php         (Status: 403) [Size: 214]
/.html.sav            (Status: 403) [Size: 211]
/.html.orig           (Status: 403) [Size: 212]
/.html_               (Status: 403) [Size: 208]
/.htm.old.php         (Status: 403) [Size: 214]
/.html_files          (Status: 403) [Size: 213]
/.htmlpar             (Status: 403) [Size: 210]
/.htm.d.php           (Status: 403) [Size: 212]
/.htm.html.php        (Status: 403) [Size: 215]
/.html-1.php          (Status: 403) [Size: 213]
/.htmlprint           (Status: 403) [Size: 212]
/.hts                 (Status: 403) [Size: 206]
/.html.sav.php        (Status: 403) [Size: 215]
/.html_.php           (Status: 403) [Size: 212]
/.html.orig.php       (Status: 403) [Size: 216]
/.htmlpar.php         (Status: 403) [Size: 214]
/.html_files.php      (Status: 403) [Size: 217]
/.hts.php             (Status: 403) [Size: 210]
/.htmlprint.php       (Status: 403) [Size: 216]
