Available information:

Kernel version: 5.3.0
Architecture: x86_64
Distribution: ubuntu
Distribution version: 19.10
Additional checks (CONFIG_*, sysctl entries, custom Bash commands): performed
Package listing: from current OS

Searching among:

76 kernel space exploits
48 user space exploits

Possible Exploits:

[+] [CVE-2021-3156] sudo Baron Samedit 2

   Details: https://www.qualys.com/2021/01/26/cve-2021-3156/baron-samedit-heap-based-overflow-sudo.txt
   Exposure: probable
   Tags: centos=6|7|8,[ ubuntu=14|16|17|18|19|20 ], debian=9|10
   Download URL: https://codeload.github.com/worawit/CVE-2021-3156/zip/main

[+] [CVE-2021-3156] sudo Baron Samedit

   Details: https://www.qualys.com/2021/01/26/cve-2021-3156/baron-samedit-heap-based-overflow-sudo.txt
   Exposure: less probable
   Tags: mint=19,ubuntu=18|20, debian=10
   Download URL: https://codeload.github.com/blasty/CVE-2021-3156/zip/main

[+] [CVE-2019-18634] sudo pwfeedback

   Details: https://dylankatz.com/Analysis-of-CVE-2019-18634/
   Exposure: less probable
   Tags: mint=19
   Download URL: https://github.com/saleemrashid/sudo-cve-2019-18634/raw/master/exploit.c
   Comments: sudo configuration requires pwfeedback to be enabled.

[+] [CVE-2017-5618] setuid screen v4.5.0 LPE

   Details: https://seclists.org/oss-sec/2017/q1/184
   Exposure: less probable
   Download URL: https://www.exploit-db.com/download/https://www.exploit-db.com/exploits/41154
