/profile.php         [36m (Status: 302)[0m [Size: 7247][34m [--> http://192.168.220.111/index.php][0m
/index.php           [32m (Status: 200)[0m [Size: 3468]
/index.html          [32m (Status: 200)[0m [Size: 10918]
/header.php          [32m (Status: 200)[0m [Size: 1666]
/logout.php          [32m (Status: 200)[0m [Size: 75]
/.htaccess           [33m (Status: 403)[0m [Size: 280]
/robots.txt          [32m (Status: 200)[0m [Size: 14]
/.                   [32m (Status: 200)[0m [Size: 10918]
/.html               [33m (Status: 403)[0m [Size: 280]
/registration.php    [32m (Status: 200)[0m [Size: 9409]
/.php                [33m (Status: 403)[0m [Size: 280]
/dashboard.php       [36m (Status: 302)[0m [Size: 10272][34m [--> http://192.168.220.111/index.php][0m
/.htpasswd           [33m (Status: 403)[0m [Size: 280]
/.htm                [33m (Status: 403)[0m [Size: 280]
/checklogin.php      [32m (Status: 200)[0m [Size: 0]
/.htpasswds          [33m (Status: 403)[0m [Size: 280]
/forgot-password.php [32m (Status: 200)[0m [Size: 2763]
/change-password.php [36m (Status: 302)[0m [Size: 11239][34m [--> http://192.168.220.111/index.php][0m
/.htgroup            [33m (Status: 403)[0m [Size: 280]
/wp-forum.phps       [33m (Status: 403)[0m [Size: 280]
/.htaccess.bak       [33m (Status: 403)[0m [Size: 280]
/.htuser             [33m (Status: 403)[0m [Size: 280]
/.ht                 [33m (Status: 403)[0m [Size: 280]
/.htc                [33m (Status: 403)[0m [Size: 280]
