Starting enum4linux v0.8.9 ( http://labs.portcullis.co.uk/application/enum4linux/ ) on Sun Sep 26 10:40:24 2021

 ========================== 
|    Target Information    |
 ========================== 
Target ........... 10.10.10.123
RID Range ........ 500-550,1000-1050
Username ......... ''
Password ......... ''
Known Usernames .. administrator, guest, krbtgt, domain admins, root, bin, none


 ==================================================== 
|    Enumerating Workgroup/Domain on 10.10.10.123    |
 ==================================================== 
[+] Got domain/workgroup name: WORKGROUP

 ============================================ 
|    Nbtstat Information for 10.10.10.123    |
 ============================================ 
Looking up status of 10.10.10.123
        FRIENDZONE      <00> -         B <ACTIVE>  Workstation Service
        FRIENDZONE      <03> -         B <ACTIVE>  Messenger Service
        FRIENDZONE      <20> -         B <ACTIVE>  File Server Service
        ..__MSBROWSE__. <01> - <GROUP> B <ACTIVE>  Master Browser
        WORKGROUP       <00> - <GROUP> B <ACTIVE>  Domain/Workgroup Name
        WORKGROUP       <1d> -         B <ACTIVE>  Master Browser
        WORKGROUP       <1e> - <GROUP> B <ACTIVE>  Browser Service Elections

        MAC Address = 00-00-00-00-00-00

 ===================================== 
|    Session Check on 10.10.10.123    |
 ===================================== 
[+] Server 10.10.10.123 allows sessions using username '', password ''

 =========================================== 
|    Getting domain SID for 10.10.10.123    |
 =========================================== 
Domain Name: WORKGROUP
Domain Sid: (NULL SID)
[+] Can't determine if host is part of domain or part of a workgroup

 ====================================== 
|    OS information on 10.10.10.123    |
 ====================================== 
Use of uninitialized value $os_info in concatenation (.) or string at ./enum4linux.pl line 464.
[+] Got OS info for 10.10.10.123 from smbclient: 
[+] Got OS info for 10.10.10.123 from srvinfo:
        FRIENDZONE     Wk Sv PrQ Unx NT SNT FriendZone server (Samba, Ubuntu)
        platform_id     :       500
        os version      :       6.1
        server type     :       0x809a03

 ============================= 
|    Users on 10.10.10.123    |
 ============================= 
Use of uninitialized value $users in print at ./enum4linux.pl line 874.
Use of uninitialized value $users in pattern match (m//) at ./enum4linux.pl line 877.

Use of uninitialized value $users in print at ./enum4linux.pl line 888.
Use of uninitialized value $users in pattern match (m//) at ./enum4linux.pl line 890.

 ========================================= 
|    Share Enumeration on 10.10.10.123    |
 ========================================= 

        Sharename       Type      Comment
        ---------       ----      -------
        print$          Disk      Printer Drivers
        Files           Disk      FriendZone Samba Server Files /etc/Files
        general         Disk      FriendZone Samba Server Files
        Development     Disk      FriendZone Samba Server Files
        IPC$            IPC       IPC Service (FriendZone server (Samba, Ubuntu))
SMB1 disabled -- no workgroup available

[+] Attempting to map shares on 10.10.10.123
//10.10.10.123/print$   Mapping: DENIED, Listing: N/A
//10.10.10.123/Files    Mapping: DENIED, Listing: N/A
//10.10.10.123/general  Mapping: OK, Listing: OK
//10.10.10.123/Development      Mapping: OK, Listing: OK
//10.10.10.123/IPC$     [E] Can't understand response:
NT_STATUS_OBJECT_NAME_NOT_FOUND listing \*

 ==================================================== 
|    Password Policy Information for 10.10.10.123    |
 ==================================================== 


[+] Attaching to 10.10.10.123 using a NULL share

[+] Trying protocol 139/SMB...

[+] Found domain(s):

        [+] FRIENDZONE
        [+] Builtin

[+] Password Info for Domain: FRIENDZONE

        [+] Minimum password length: 5
        [+] Password history length: None
        [+] Maximum password age: 37 days 6 hours 21 minutes 
        [+] Password Complexity Flags: 000000

                [+] Domain Refuse Password Change: 0
                [+] Domain Password Store Cleartext: 0
                [+] Domain Password Lockout Admins: 0
                [+] Domain Password No Clear Change: 0
                [+] Domain Password No Anon Change: 0
                [+] Domain Password Complex: 0

        [+] Minimum password age: None
        [+] Reset Account Lockout Counter: 30 minutes 
        [+] Locked Account Duration: 30 minutes 
        [+] Account Lockout Threshold: None
        [+] Forced Log off Time: 37 days 6 hours 21 minutes 


[+] Retieved partial password policy with rpcclient:

Password Complexity: Disabled
Minimum Password Length: 5


 ============================== 
|    Groups on 10.10.10.123    |
 ============================== 

[+] Getting builtin groups:

[+] Getting builtin group memberships:

[+] Getting local groups:

[+] Getting local group memberships:

[+] Getting domain groups:

[+] Getting domain group memberships:

 ======================================================================= 
|    Users on 10.10.10.123 via RID cycling (RIDS: 500-550,1000-1050)    |
 ======================================================================= 
[I] Found new SID: S-1-22-1
[I] Found new SID: S-1-5-21-3651157261-4258463691-276428382
[I] Found new SID: S-1-5-32
[+] Enumerating users using SID S-1-22-1 and logon username '', password ''
S-1-22-1-1000 Unix User\friend (Local User)
[+] Enumerating users using SID S-1-5-21-3651157261-4258463691-276428382 and logon username '', password ''
S-1-5-21-3651157261-4258463691-276428382-500 *unknown*\*unknown* (8)
S-1-5-21-3651157261-4258463691-276428382-501 FRIENDZONE\nobody (Local User)
S-1-5-21-3651157261-4258463691-276428382-502 *unknown*\*unknown* (8)
S-1-5-21-3651157261-4258463691-276428382-503 *unknown*\*unknown* (8)
S-1-5-21-3651157261-4258463691-276428382-504 *unknown*\*unknown* (8)
S-1-5-21-3651157261-4258463691-276428382-505 *unknown*\*unknown* (8)
S-1-5-21-3651157261-4258463691-276428382-506 *unknown*\*unknown* (8)
S-1-5-21-3651157261-4258463691-276428382-507 *unknown*\*unknown* (8)
S-1-5-21-3651157261-4258463691-276428382-508 *unknown*\*unknown* (8)
S-1-5-21-3651157261-4258463691-276428382-509 *unknown*\*unknown* (8)
S-1-5-21-3651157261-4258463691-276428382-510 *unknown*\*unknown* (8)
S-1-5-21-3651157261-4258463691-276428382-511 *unknown*\*unknown* (8)
S-1-5-21-3651157261-4258463691-276428382-512 *unknown*\*unknown* (8)
S-1-5-21-3651157261-4258463691-276428382-513 FRIENDZONE\None (Domain Group)
S-1-5-21-3651157261-4258463691-276428382-514 *unknown*\*unknown* (8)
S-1-5-21-3651157261-4258463691-276428382-515 *unknown*\*unknown* (8)
S-1-5-21-3651157261-4258463691-276428382-516 *unknown*\*unknown* (8)
S-1-5-21-3651157261-4258463691-276428382-517 *unknown*\*unknown* (8)
S-1-5-21-3651157261-4258463691-276428382-518 *unknown*\*unknown* (8)
S-1-5-21-3651157261-4258463691-276428382-519 *unknown*\*unknown* (8)
S-1-5-21-3651157261-4258463691-276428382-520 *unknown*\*unknown* (8)
S-1-5-21-3651157261-4258463691-276428382-521 *unknown*\*unknown* (8)
S-1-5-21-3651157261-4258463691-276428382-522 *unknown*\*unknown* (8)
S-1-5-21-3651157261-4258463691-276428382-523 *unknown*\*unknown* (8)
S-1-5-21-3651157261-4258463691-276428382-524 *unknown*\*unknown* (8)
S-1-5-21-3651157261-4258463691-276428382-525 *unknown*\*unknown* (8)
S-1-5-21-3651157261-4258463691-276428382-526 *unknown*\*unknown* (8)
S-1-5-21-3651157261-4258463691-276428382-527 *unknown*\*unknown* (8)
S-1-5-21-3651157261-4258463691-276428382-528 *unknown*\*unknown* (8)
S-1-5-21-3651157261-4258463691-276428382-529 *unknown*\*unknown* (8)
S-1-5-21-3651157261-4258463691-276428382-530 *unknown*\*unknown* (8)
S-1-5-21-3651157261-4258463691-276428382-531 *unknown*\*unknown* (8)
S-1-5-21-3651157261-4258463691-276428382-532 *unknown*\*unknown* (8)
S-1-5-21-3651157261-4258463691-276428382-533 *unknown*\*unknown* (8)
S-1-5-21-3651157261-4258463691-276428382-534 *unknown*\*unknown* (8)
S-1-5-21-3651157261-4258463691-276428382-535 *unknown*\*unknown* (8)
S-1-5-21-3651157261-4258463691-276428382-536 *unknown*\*unknown* (8)
S-1-5-21-3651157261-4258463691-276428382-537 *unknown*\*unknown* (8)
S-1-5-21-3651157261-4258463691-276428382-538 *unknown*\*unknown* (8)
S-1-5-21-3651157261-4258463691-276428382-539 *unknown*\*unknown* (8)
S-1-5-21-3651157261-4258463691-276428382-540 *unknown*\*unknown* (8)
S-1-5-21-3651157261-4258463691-276428382-541 *unknown*\*unknown* (8)
S-1-5-21-3651157261-4258463691-276428382-542 *unknown*\*unknown* (8)
S-1-5-21-3651157261-4258463691-276428382-543 *unknown*\*unknown* (8)
S-1-5-21-3651157261-4258463691-276428382-544 *unknown*\*unknown* (8)
S-1-5-21-3651157261-4258463691-276428382-545 *unknown*\*unknown* (8)
S-1-5-21-3651157261-4258463691-276428382-546 *unknown*\*unknown* (8)
S-1-5-21-3651157261-4258463691-276428382-547 *unknown*\*unknown* (8)
S-1-5-21-3651157261-4258463691-276428382-548 *unknown*\*unknown* (8)
S-1-5-21-3651157261-4258463691-276428382-549 *unknown*\*unknown* (8)
S-1-5-21-3651157261-4258463691-276428382-550 *unknown*\*unknown* (8)
S-1-5-21-3651157261-4258463691-276428382-1000 *unknown*\*unknown* (8)
S-1-5-21-3651157261-4258463691-276428382-1001 *unknown*\*unknown* (8)
S-1-5-21-3651157261-4258463691-276428382-1002 *unknown*\*unknown* (8)
S-1-5-21-3651157261-4258463691-276428382-1003 *unknown*\*unknown* (8)
S-1-5-21-3651157261-4258463691-276428382-1004 *unknown*\*unknown* (8)
S-1-5-21-3651157261-4258463691-276428382-1005 *unknown*\*unknown* (8)
S-1-5-21-3651157261-4258463691-276428382-1006 *unknown*\*unknown* (8)
S-1-5-21-3651157261-4258463691-276428382-1007 *unknown*\*unknown* (8)
S-1-5-21-3651157261-4258463691-276428382-1008 *unknown*\*unknown* (8)
S-1-5-21-3651157261-4258463691-276428382-1009 *unknown*\*unknown* (8)
S-1-5-21-3651157261-4258463691-276428382-1010 *unknown*\*unknown* (8)
S-1-5-21-3651157261-4258463691-276428382-1011 *unknown*\*unknown* (8)
S-1-5-21-3651157261-4258463691-276428382-1012 *unknown*\*unknown* (8)
S-1-5-21-3651157261-4258463691-276428382-1013 *unknown*\*unknown* (8)
S-1-5-21-3651157261-4258463691-276428382-1014 *unknown*\*unknown* (8)
S-1-5-21-3651157261-4258463691-276428382-1015 *unknown*\*unknown* (8)
S-1-5-21-3651157261-4258463691-276428382-1016 *unknown*\*unknown* (8)
S-1-5-21-3651157261-4258463691-276428382-1017 *unknown*\*unknown* (8)
S-1-5-21-3651157261-4258463691-276428382-1018 *unknown*\*unknown* (8)
S-1-5-21-3651157261-4258463691-276428382-1019 *unknown*\*unknown* (8)
S-1-5-21-3651157261-4258463691-276428382-1020 *unknown*\*unknown* (8)
S-1-5-21-3651157261-4258463691-276428382-1021 *unknown*\*unknown* (8)
S-1-5-21-3651157261-4258463691-276428382-1022 *unknown*\*unknown* (8)
S-1-5-21-3651157261-4258463691-276428382-1023 *unknown*\*unknown* (8)
S-1-5-21-3651157261-4258463691-276428382-1024 *unknown*\*unknown* (8)
S-1-5-21-3651157261-4258463691-276428382-1025 *unknown*\*unknown* (8)
S-1-5-21-3651157261-4258463691-276428382-1026 *unknown*\*unknown* (8)
S-1-5-21-3651157261-4258463691-276428382-1027 *unknown*\*unknown* (8)
S-1-5-21-3651157261-4258463691-276428382-1028 *unknown*\*unknown* (8)
S-1-5-21-3651157261-4258463691-276428382-1029 *unknown*\*unknown* (8)
S-1-5-21-3651157261-4258463691-276428382-1030 *unknown*\*unknown* (8)
S-1-5-21-3651157261-4258463691-276428382-1031 *unknown*\*unknown* (8)
S-1-5-21-3651157261-4258463691-276428382-1032 *unknown*\*unknown* (8)
S-1-5-21-3651157261-4258463691-276428382-1033 *unknown*\*unknown* (8)
S-1-5-21-3651157261-4258463691-276428382-1034 *unknown*\*unknown* (8)
S-1-5-21-3651157261-4258463691-276428382-1035 *unknown*\*unknown* (8)
S-1-5-21-3651157261-4258463691-276428382-1036 *unknown*\*unknown* (8)
S-1-5-21-3651157261-4258463691-276428382-1037 *unknown*\*unknown* (8)
S-1-5-21-3651157261-4258463691-276428382-1038 *unknown*\*unknown* (8)
S-1-5-21-3651157261-4258463691-276428382-1039 *unknown*\*unknown* (8)
S-1-5-21-3651157261-4258463691-276428382-1040 *unknown*\*unknown* (8)
S-1-5-21-3651157261-4258463691-276428382-1041 *unknown*\*unknown* (8)
S-1-5-21-3651157261-4258463691-276428382-1042 *unknown*\*unknown* (8)
S-1-5-21-3651157261-4258463691-276428382-1043 *unknown*\*unknown* (8)
S-1-5-21-3651157261-4258463691-276428382-1044 *unknown*\*unknown* (8)
S-1-5-21-3651157261-4258463691-276428382-1045 *unknown*\*unknown* (8)
S-1-5-21-3651157261-4258463691-276428382-1046 *unknown*\*unknown* (8)
S-1-5-21-3651157261-4258463691-276428382-1047 *unknown*\*unknown* (8)
S-1-5-21-3651157261-4258463691-276428382-1048 *unknown*\*unknown* (8)
S-1-5-21-3651157261-4258463691-276428382-1049 *unknown*\*unknown* (8)
S-1-5-21-3651157261-4258463691-276428382-1050 *unknown*\*unknown* (8)
[+] Enumerating users using SID S-1-5-32 and logon username '', password ''
S-1-5-32-500 *unknown*\*unknown* (8)
S-1-5-32-501 *unknown*\*unknown* (8)
S-1-5-32-502 *unknown*\*unknown* (8)
S-1-5-32-503 *unknown*\*unknown* (8)
S-1-5-32-504 *unknown*\*unknown* (8)
S-1-5-32-505 *unknown*\*unknown* (8)
S-1-5-32-506 *unknown*\*unknown* (8)
S-1-5-32-507 *unknown*\*unknown* (8)
S-1-5-32-508 *unknown*\*unknown* (8)
S-1-5-32-509 *unknown*\*unknown* (8)
S-1-5-32-510 *unknown*\*unknown* (8)
S-1-5-32-511 *unknown*\*unknown* (8)
S-1-5-32-512 *unknown*\*unknown* (8)
S-1-5-32-513 *unknown*\*unknown* (8)
S-1-5-32-514 *unknown*\*unknown* (8)
S-1-5-32-515 *unknown*\*unknown* (8)
S-1-5-32-516 *unknown*\*unknown* (8)
S-1-5-32-517 *unknown*\*unknown* (8)
S-1-5-32-518 *unknown*\*unknown* (8)
S-1-5-32-519 *unknown*\*unknown* (8)
S-1-5-32-520 *unknown*\*unknown* (8)
S-1-5-32-521 *unknown*\*unknown* (8)
S-1-5-32-522 *unknown*\*unknown* (8)
S-1-5-32-523 *unknown*\*unknown* (8)
S-1-5-32-524 *unknown*\*unknown* (8)
S-1-5-32-525 *unknown*\*unknown* (8)
S-1-5-32-526 *unknown*\*unknown* (8)
S-1-5-32-527 *unknown*\*unknown* (8)
S-1-5-32-528 *unknown*\*unknown* (8)
S-1-5-32-529 *unknown*\*unknown* (8)
S-1-5-32-530 *unknown*\*unknown* (8)
S-1-5-32-531 *unknown*\*unknown* (8)
S-1-5-32-532 *unknown*\*unknown* (8)
S-1-5-32-533 *unknown*\*unknown* (8)
S-1-5-32-534 *unknown*\*unknown* (8)
S-1-5-32-535 *unknown*\*unknown* (8)
S-1-5-32-536 *unknown*\*unknown* (8)
S-1-5-32-537 *unknown*\*unknown* (8)
S-1-5-32-538 *unknown*\*unknown* (8)
S-1-5-32-539 *unknown*\*unknown* (8)
S-1-5-32-540 *unknown*\*unknown* (8)
S-1-5-32-541 *unknown*\*unknown* (8)
S-1-5-32-542 *unknown*\*unknown* (8)
S-1-5-32-543 *unknown*\*unknown* (8)
S-1-5-32-544 BUILTIN\Administrators (Local Group)
S-1-5-32-545 BUILTIN\Users (Local Group)
S-1-5-32-546 BUILTIN\Guests (Local Group)
S-1-5-32-547 BUILTIN\Power Users (Local Group)
S-1-5-32-548 BUILTIN\Account Operators (Local Group)
S-1-5-32-549 BUILTIN\Server Operators (Local Group)
S-1-5-32-550 BUILTIN\Print Operators (Local Group)
S-1-5-32-1000 *unknown*\*unknown* (8)
S-1-5-32-1001 *unknown*\*unknown* (8)
S-1-5-32-1002 *unknown*\*unknown* (8)
S-1-5-32-1003 *unknown*\*unknown* (8)
S-1-5-32-1004 *unknown*\*unknown* (8)
S-1-5-32-1005 *unknown*\*unknown* (8)
S-1-5-32-1006 *unknown*\*unknown* (8)
S-1-5-32-1007 *unknown*\*unknown* (8)
S-1-5-32-1008 *unknown*\*unknown* (8)
S-1-5-32-1009 *unknown*\*unknown* (8)
S-1-5-32-1010 *unknown*\*unknown* (8)
S-1-5-32-1011 *unknown*\*unknown* (8)
S-1-5-32-1012 *unknown*\*unknown* (8)
S-1-5-32-1013 *unknown*\*unknown* (8)
S-1-5-32-1014 *unknown*\*unknown* (8)
S-1-5-32-1015 *unknown*\*unknown* (8)
S-1-5-32-1016 *unknown*\*unknown* (8)
S-1-5-32-1017 *unknown*\*unknown* (8)
S-1-5-32-1018 *unknown*\*unknown* (8)
S-1-5-32-1019 *unknown*\*unknown* (8)
S-1-5-32-1020 *unknown*\*unknown* (8)
S-1-5-32-1021 *unknown*\*unknown* (8)
S-1-5-32-1022 *unknown*\*unknown* (8)
S-1-5-32-1023 *unknown*\*unknown* (8)
S-1-5-32-1024 *unknown*\*unknown* (8)
S-1-5-32-1025 *unknown*\*unknown* (8)
S-1-5-32-1026 *unknown*\*unknown* (8)
S-1-5-32-1027 *unknown*\*unknown* (8)
S-1-5-32-1028 *unknown*\*unknown* (8)
S-1-5-32-1029 *unknown*\*unknown* (8)
S-1-5-32-1030 *unknown*\*unknown* (8)
S-1-5-32-1031 *unknown*\*unknown* (8)
S-1-5-32-1032 *unknown*\*unknown* (8)
S-1-5-32-1033 *unknown*\*unknown* (8)
S-1-5-32-1034 *unknown*\*unknown* (8)
S-1-5-32-1035 *unknown*\*unknown* (8)
S-1-5-32-1036 *unknown*\*unknown* (8)
S-1-5-32-1037 *unknown*\*unknown* (8)
S-1-5-32-1038 *unknown*\*unknown* (8)
S-1-5-32-1039 *unknown*\*unknown* (8)
S-1-5-32-1040 *unknown*\*unknown* (8)
S-1-5-32-1041 *unknown*\*unknown* (8)
S-1-5-32-1042 *unknown*\*unknown* (8)
S-1-5-32-1043 *unknown*\*unknown* (8)
S-1-5-32-1044 *unknown*\*unknown* (8)
S-1-5-32-1045 *unknown*\*unknown* (8)
S-1-5-32-1046 *unknown*\*unknown* (8)
S-1-5-32-1047 *unknown*\*unknown* (8)
S-1-5-32-1048 *unknown*\*unknown* (8)
S-1-5-32-1049 *unknown*\*unknown* (8)
S-1-5-32-1050 *unknown*\*unknown* (8)

 ============================================= 
|    Getting printer info for 10.10.10.123    |
 ============================================= 
No printers returned.


enum4linux complete on Sun Sep 26 10:43:02 2021