/.php                 (Status: 403) [Size: 299]
/.html                (Status: 403) [Size: 300]
/.htm                 (Status: 403) [Size: 299]
/.                    (Status: 200) [Size: 324]
/wordpress            (Status: 301) [Size: 332] [--> http://friendzoneportal.red/wordpress/]
/.htaccess            (Status: 403) [Size: 304]
/.phtml               (Status: 403) [Size: 301]
/.htc                 (Status: 403) [Size: 299]
/.html_var_DE         (Status: 403) [Size: 307]
/server-status        (Status: 403) [Size: 308]
/.htpasswd            (Status: 403) [Size: 304]
/.html.               (Status: 403) [Size: 301]
/.html.html           (Status: 403) [Size: 305]
/.htpasswds           (Status: 403) [Size: 305]
/.htm.                (Status: 403) [Size: 300]
/.htmll               (Status: 403) [Size: 301]
/.phps                (Status: 403) [Size: 300]
/.html.old            (Status: 403) [Size: 304]
/.html.bak            (Status: 403) [Size: 304]
/.ht                  (Status: 403) [Size: 298]
/.htm.htm             (Status: 403) [Size: 303]
/.html1               (Status: 403) [Size: 301]
/.hta                 (Status: 403) [Size: 299]
/.htgroup             (Status: 403) [Size: 303]
/.html.printable      (Status: 403) [Size: 310]
/.html.LCK            (Status: 403) [Size: 304]
/.htm.LCK             (Status: 403) [Size: 303]
/.htaccess.bak        (Status: 403) [Size: 308]
/.htmls               (Status: 403) [Size: 301]
/.html.php            (Status: 403) [Size: 304]
/.htx                 (Status: 403) [Size: 299]
/.htm2                (Status: 403) [Size: 300]
/.htlm                (Status: 403) [Size: 300]
/.html-               (Status: 403) [Size: 301]
/.htuser              (Status: 403) [Size: 302]
/.htacess             (Status: 403) [Size: 303]
/.htm.d               (Status: 403) [Size: 301]
/.htm.html            (Status: 403) [Size: 304]
/.htm.old             (Status: 403) [Size: 303]
/.html-1              (Status: 403) [Size: 302]
/.html.orig           (Status: 403) [Size: 305]
/.html.sav            (Status: 403) [Size: 304]
/.hts                 (Status: 403) [Size: 299]
/.htmlprint           (Status: 403) [Size: 305]
/.htmlpar             (Status: 403) [Size: 303]
/.html_files          (Status: 403) [Size: 306]
/.html_               (Status: 403) [Size: 301]
