/.php                 (Status: 403) [Size: 309]
/images               (Status: 301) [Size: 349] [--> https://administrator1.friendzone.red/images/]
/.html                (Status: 403) [Size: 310]
/login.php            (Status: 200) [Size: 7]
/.html.php            (Status: 403) [Size: 314]
/.htm                 (Status: 403) [Size: 309]
/.htm.php             (Status: 403) [Size: 313]
/.                    (Status: 200) [Size: 2873]
/.htaccess            (Status: 403) [Size: 314]
/.htaccess.php        (Status: 403) [Size: 318]
/dashboard.php        (Status: 200) [Size: 101]
/.phtml               (Status: 403) [Size: 311]
/.htc                 (Status: 403) [Size: 309]
/.htc.php             (Status: 403) [Size: 313]
/.html_var_DE.php     (Status: 403) [Size: 321]
/.html_var_DE         (Status: 403) [Size: 317]
/server-status        (Status: 403) [Size: 318]
/.htpasswd            (Status: 403) [Size: 314]
/.htpasswd.php        (Status: 403) [Size: 318]
/.html.               (Status: 403) [Size: 311]
/.html..php           (Status: 403) [Size: 315]
/.html.html           (Status: 403) [Size: 315]
/.html.html.php       (Status: 403) [Size: 319]
/.htpasswds           (Status: 403) [Size: 315]
/.htpasswds.php       (Status: 403) [Size: 319]
/.htm.                (Status: 403) [Size: 310]
/.htm..php            (Status: 403) [Size: 314]
/.htmll               (Status: 403) [Size: 311]
/.phps                (Status: 403) [Size: 310]
/.htmll.php           (Status: 403) [Size: 315]
/.html.old            (Status: 403) [Size: 314]
/.html.old.php        (Status: 403) [Size: 318]
/.ht                  (Status: 403) [Size: 308]
/.html.bak            (Status: 403) [Size: 314]
/.ht.php              (Status: 403) [Size: 312]
/.html.bak.php        (Status: 403) [Size: 318]
/.htm.htm             (Status: 403) [Size: 313]
/.htm.htm.php         (Status: 403) [Size: 317]
/.hta                 (Status: 403) [Size: 309]
/.html1.php           (Status: 403) [Size: 315]
/.htgroup             (Status: 403) [Size: 313]
/.hta.php             (Status: 403) [Size: 313]
/.html1               (Status: 403) [Size: 311]
/.htgroup.php         (Status: 403) [Size: 317]
/.html.LCK            (Status: 403) [Size: 314]
/.html.printable      (Status: 403) [Size: 320]
/.html.LCK.php        (Status: 403) [Size: 318]
/.html.printable.php  (Status: 403) [Size: 324]
/.htm.LCK             (Status: 403) [Size: 313]
/.htm.LCK.php         (Status: 403) [Size: 317]
/.html.php            (Status: 403) [Size: 314]
/.htaccess.bak        (Status: 403) [Size: 318]
/.htx                 (Status: 403) [Size: 309]
/.htmls               (Status: 403) [Size: 311]
/.html.php.php        (Status: 403) [Size: 318]
/.htaccess.bak.php    (Status: 403) [Size: 322]
/.htx.php             (Status: 403) [Size: 313]
/.htmls.php           (Status: 403) [Size: 315]
/.htlm                (Status: 403) [Size: 310]
/.htuser              (Status: 403) [Size: 312]
/.html-               (Status: 403) [Size: 311]
/.htm2                (Status: 403) [Size: 310]
/.htlm.php            (Status: 403) [Size: 314]
/.htm2.php            (Status: 403) [Size: 314]
/.htuser.php          (Status: 403) [Size: 316]
/.html-.php           (Status: 403) [Size: 315]
/.htacess             (Status: 403) [Size: 313]
/.html-1              (Status: 403) [Size: 312]
/.htm.old             (Status: 403) [Size: 313]
/.htm.html            (Status: 403) [Size: 314]
/.htm.d               (Status: 403) [Size: 311]
/.html_files.php      (Status: 403) [Size: 320]
/.html_.php           (Status: 403) [Size: 315]
/.htmlpar             (Status: 403) [Size: 313]
/.html.sav            (Status: 403) [Size: 314]
/.html.orig           (Status: 403) [Size: 315]
/.htmlprint.php       (Status: 403) [Size: 319]
/.htacess.php         (Status: 403) [Size: 317]
/.hts.php             (Status: 403) [Size: 313]
/.htm.html.php        (Status: 403) [Size: 318]
/.htm.d.php           (Status: 403) [Size: 315]
/.html-1.php          (Status: 403) [Size: 316]
/.htm.old.php         (Status: 403) [Size: 317]
/.htmlpar.php         (Status: 403) [Size: 317]
/.html_files          (Status: 403) [Size: 316]
/.html_               (Status: 403) [Size: 311]
/.html.sav.php        (Status: 403) [Size: 318]
/.htmlprint           (Status: 403) [Size: 315]
/.hts                 (Status: 403) [Size: 309]
/.html.orig.php       (Status: 403) [Size: 319]
