200       16l       59w      946c http://swagshop.htb/includes/
200       21l      115w     1917c http://swagshop.htb/media/
200       26l      170w     2877c http://swagshop.htb/lib/
200        3l        6w       44c http://swagshop.htb/install.php
200        1l        4w       37c http://swagshop.htb/api.php
200       20l      104w     1698c http://swagshop.htb/app/
200       22l      126w     2124c http://swagshop.htb/var/
200       18l       82w     1331c http://swagshop.htb/skin/
200       17l       69w     1161c http://swagshop.htb/pkginfo/
200       22l      121w     2149c http://swagshop.htb/errors/
200        0l        0w        0c http://swagshop.htb/cron.php
200      327l      904w        0c http://swagshop.htb/index.php
200       19l       89w     1547c http://swagshop.htb/shell/
403       11l       32w      300c http://swagshop.htb/server-status
200       16l       59w      946c http://swagshop.htb/includes/
200       22l      126w     2113c http://swagshop.htb/media/
200       26l      170w     2877c http://swagshop.htb/lib/
200       20l      104w     1698c http://swagshop.htb/app/
200        3l        6w       44c http://swagshop.htb/install.php
200        1l        4w       37c http://swagshop.htb/api.php
200       18l       82w     1331c http://swagshop.htb/skin/
200       22l      126w     2124c http://swagshop.htb/var/
200       17l       69w     1161c http://swagshop.htb/pkginfo/
200       22l      121w     2149c http://swagshop.htb/errors/
200        0l        0w        0c http://swagshop.htb/cron.php
200      327l      904w        0c http://swagshop.htb/index.php
200       19l       89w     1547c http://swagshop.htb/shell/
403       11l       32w      300c http://swagshop.htb/server-status
200       48l     1636w    10410c http://swagshop.htb/LICENSE.txt
200       16l       59w      946c http://swagshop.htb/includes/
200       22l      126w     2113c http://swagshop.htb/media/
200       26l      170w     2877c http://swagshop.htb/lib/
200        3l        6w       44c http://swagshop.htb/install.php
200       20l      104w     1698c http://swagshop.htb/app/
200        1l        4w       37c http://swagshop.htb/api.php
200       18l       82w     1331c http://swagshop.htb/skin/
200       22l      126w     2124c http://swagshop.htb/var/
200       17l       69w     1161c http://swagshop.htb/pkginfo/
200       22l      121w     2149c http://swagshop.htb/errors/
200        0l        0w        0c http://swagshop.htb/cron.php
200      327l      904w        0c http://swagshop.htb/index.php
200       19l       89w     1547c http://swagshop.htb/shell/
200       16l       59w      946c http://swagshop.htb/includes/
200       22l      126w     2113c http://swagshop.htb/media/
200       16l       60w      949c http://swagshop.htb/media/tmp/
200        3l        6w       44c http://swagshop.htb/install.php
200       16l       60w      957c http://swagshop.htb/media/catalog/
200       26l      170w     2877c http://swagshop.htb/lib/
200        0l        0w        0c http://swagshop.htb/includes/config.php
200       15l       49w      763c http://swagshop.htb/media/customer/
200        1l        4w       37c http://swagshop.htb/api.php
200       20l      104w     1698c http://swagshop.htb/app/
200       22l      126w     2124c http://swagshop.htb/var/
200       18l       82w     1331c http://swagshop.htb/skin/
200       17l       71w     1143c http://swagshop.htb/media/captcha/
200       17l       69w     1161c http://swagshop.htb/pkginfo/
200       22l      121w     2149c http://swagshop.htb/errors/
200      327l      904w        0c http://swagshop.htb/index.php
200        0l        0w        0c http://swagshop.htb/cron.php
200       29l      203w     3495c http://swagshop.htb/var/cache/
200       16l       60w      954c http://swagshop.htb/skin/install/
200       18l       82w     1347c http://swagshop.htb/app/design/
200       15l       49w      755c http://swagshop.htb/var/backups/
200       30l      156w     1030c http://swagshop.htb/errors/design.xml
200       20l      100w     1781c http://swagshop.htb/app/etc/
200       18l       82w     1329c http://swagshop.htb/app/code/
200       19l       89w     1547c http://swagshop.htb/shell/
200       21l      111w     1950c http://swagshop.htb/errors/default/
200       15l       49w      755c http://swagshop.htb/var/connect/
200       30l      199w     4400c http://swagshop.htb/var/session/
200       22l      126w     2097c http://swagshop.htb/app/locale/
200        1l       12w       65c http://swagshop.htb/shell/log.php
200       22l      126w     2082c http://swagshop.htb/lib/PEAR/
200       52l      434w        0c http://swagshop.htb/var/package/
200      125l     1235w        0c http://swagshop.htb/lib/Zend/
200       16l       59w      946c http://swagshop.htb/includes/
200       22l      126w     2113c http://swagshop.htb/media/
200       26l      170w     2877c http://swagshop.htb/lib/
200       20l      104w     1698c http://swagshop.htb/app/
200        3l        6w       44c http://swagshop.htb/install.php
200        1l        4w       37c http://swagshop.htb/api.php
200       18l       82w     1331c http://swagshop.htb/skin/
200       22l      126w     2124c http://swagshop.htb/var/
200       17l       69w     1161c http://swagshop.htb/pkginfo/
200       22l      121w     2149c http://swagshop.htb/errors/
200        0l        0w        0c http://swagshop.htb/cron.php
200      327l      904w        0c http://swagshop.htb/index.php
200       19l       89w     1547c http://swagshop.htb/shell/
403       11l       32w      300c http://swagshop.htb/server-status
200       48l     1636w    10410c http://swagshop.htb/LICENSE.txt
200       54l      155w     1319c http://swagshop.htb/mage
